0 info it worked if it ends with ok
1 verbose cli [ '/usr/local/Cellar/nvm/0.23.2/versions/node/v5.8.0/bin/node',
1 verbose cli   '/usr/local/opt/nvm/versions/node/v5.8.0/bin/npm',
1 verbose cli   'start' ]
2 info using npm@3.7.3
3 info using node@v5.8.0
4 verbose run-script [ 'prestart', 'start', 'poststart' ]
5 info lifecycle DONG@0.0.0~prestart: DONG@0.0.0
6 silly lifecycle DONG@0.0.0~prestart: no script for prestart, continuing
7 info lifecycle DONG@0.0.0~start: DONG@0.0.0
8 verbose lifecycle DONG@0.0.0~start: unsafe-perm in lifecycle true
9 verbose lifecycle DONG@0.0.0~start: PATH: /usr/local/Cellar/nvm/0.23.2/versions/node/v5.8.0/lib/node_modules/npm/bin/node-gyp-bin:/Users/BigQ/Desktop/NowProject/DONGCloud/node_modules/.bin:/usr/local/Cellar/nvm/0.23.2/versions/node/v5.8.0/bin:/usr/local/opt/nvm/versions/node/v5.8.0/bin:/opt/local/bin:/opt/local/sbin:/usr/local/heroku/bin:/opt/local/bin:/opt/local/sbin:/usr/local/bin:/opt/local/bin:/opt/local/sbin:/usr/local/bin:/usr/bin:/bin:/usr/sbin:/sbin
10 verbose lifecycle DONG@0.0.0~start: CWD: /Users/BigQ/Desktop/NowProject/DONGCloud
11 silly lifecycle DONG@0.0.0~start: Args: [ '-c', 'node ./bin/www' ]
12 silly lifecycle DONG@0.0.0~start: Returned: code: 1  signal: null
13 info lifecycle DONG@0.0.0~start: Failed to exec start script
14 verbose stack Error: DONG@0.0.0 start: `node ./bin/www`
14 verbose stack Exit status 1
14 verbose stack     at EventEmitter.<anonymous> (/usr/local/Cellar/nvm/0.23.2/versions/node/v5.8.0/lib/node_modules/npm/lib/utils/lifecycle.js:239:16)
14 verbose stack     at emitTwo (events.js:100:13)
14 verbose stack     at EventEmitter.emit (events.js:185:7)
14 verbose stack     at ChildProcess.<anonymous> (/usr/local/Cellar/nvm/0.23.2/versions/node/v5.8.0/lib/node_modules/npm/lib/utils/spawn.js:24:14)
14 verbose stack     at emitTwo (events.js:100:13)
14 verbose stack     at ChildProcess.emit (events.js:185:7)
14 verbose stack     at maybeClose (internal/child_process.js:850:16)
14 verbose stack     at Process.ChildProcess._handle.onexit (internal/child_process.js:215:5)
15 verbose pkgid DONG@0.0.0
16 verbose cwd /Users/BigQ/Desktop/NowProject/DONGCloud
17 error Darwin 15.5.0
18 error argv "/usr/local/Cellar/nvm/0.23.2/versions/node/v5.8.0/bin/node" "/usr/local/opt/nvm/versions/node/v5.8.0/bin/npm" "start"
19 error node v5.8.0
20 error npm  v3.7.3
21 error code ELIFECYCLE
22 error DONG@0.0.0 start: `node ./bin/www`
22 error Exit status 1
23 error Failed at the DONG@0.0.0 start script 'node ./bin/www'.
23 error Make sure you have the latest version of node.js and npm installed.
23 error If you do, this is most likely a problem with the DONG package,
23 error not with npm itself.
23 error Tell the author that this fails on your system:
23 error     node ./bin/www
23 error You can get information on how to open an issue for this project with:
23 error     npm bugs DONG
23 error Or if that isn't available, you can get their info via:
23 error     npm owner ls DONG
23 error There is likely additional logging output above.
24 verbose exit [ 1, true ]
